mode: atomic
github.com/nagarajRPoojari/orange/internal/module.go:3.27,5.2 1 0
github.com/nagarajRPoojari/orange/internal/config/config.go:35.14,37.2 0 0
github.com/nagarajRPoojari/orange/internal/config/config.go:39.25,44.45 4 0
github.com/nagarajRPoojari/orange/internal/config/config.go:44.45,46.3 1 0
github.com/nagarajRPoojari/orange/internal/config/config.go:47.2,48.46 2 0
github.com/nagarajRPoojari/orange/internal/config/config.go:48.46,50.3 1 0
github.com/nagarajRPoojari/orange/internal/config/config.go:51.2,51.12 1 0
github.com/nagarajRPoojari/orange/internal/errors/errors.go:10.34,12.2 1 0
github.com/nagarajRPoojari/orange/internal/errors/errors.go:14.51,16.2 1 0
github.com/nagarajRPoojari/orange/internal/errors/errors.go:18.52,20.2 1 0
github.com/nagarajRPoojari/orange/internal/errors/errors.go:25.37,27.2 1 0
github.com/nagarajRPoojari/orange/internal/errors/errors.go:29.59,31.2 1 0
github.com/nagarajRPoojari/orange/internal/errors/errors.go:33.61,35.2 1 0
github.com/nagarajRPoojari/orange/internal/errors/errors.go:37.63,39.2 1 0
github.com/nagarajRPoojari/orange/internal/errors/errors.go:41.58,43.2 1 0
github.com/nagarajRPoojari/orange/internal/errors/errors.go:45.51,47.2 1 0
github.com/nagarajRPoojari/orange/internal/errors/errors.go:49.50,51.2 1 0
github.com/nagarajRPoojari/orange/internal/errors/errors.go:53.51,55.2 1 0
github.com/nagarajRPoojari/orange/internal/errors/errors.go:60.33,62.2 1 0
github.com/nagarajRPoojari/orange/internal/errors/errors.go:64.49,66.2 1 0
github.com/nagarajRPoojari/orange/internal/errors/errors.go:68.49,70.2 1 0
github.com/nagarajRPoojari/orange/internal/errors/errors.go:72.49,74.2 1 0
github.com/nagarajRPoojari/orange/internal/db/db.go:27.46,29.2 1 0
github.com/nagarajRPoojari/orange/internal/db/db.go:31.43,33.2 1 0
github.com/nagarajRPoojari/orange/internal/db/db.go:35.46,37.2 1 0
github.com/nagarajRPoojari/orange/internal/db/db.go:56.72,68.2 1 0
github.com/nagarajRPoojari/orange/internal/db/db.go:71.55,74.16 3 0
github.com/nagarajRPoojari/orange/internal/db/db.go:74.16,76.3 1 0
github.com/nagarajRPoojari/orange/internal/db/db.go:78.2,78.24 1 0
github.com/nagarajRPoojari/orange/internal/db/db.go:79.22,80.36 1 0
github.com/nagarajRPoojari/orange/internal/db/db.go:81.22,82.29 1 0
github.com/nagarajRPoojari/orange/internal/db/db.go:83.22,84.21 1 0
github.com/nagarajRPoojari/orange/internal/db/db.go:85.22,86.29 1 0
github.com/nagarajRPoojari/orange/internal/db/db.go:89.2,89.49 1 0
github.com/nagarajRPoojari/orange/internal/db/db.go:93.61,98.2 3 0
github.com/nagarajRPoojari/orange/internal/db/db.go:101.90,123.2 2 0
github.com/nagarajRPoojari/orange/internal/db/db.go:126.54,128.16 2 0
github.com/nagarajRPoojari/orange/internal/db/db.go:128.16,130.3 1 0
github.com/nagarajRPoojari/orange/internal/db/db.go:132.2,132.76 1 0
github.com/nagarajRPoojari/orange/internal/db/db.go:132.76,134.3 1 0
github.com/nagarajRPoojari/orange/internal/db/db.go:136.2,137.9 2 0
github.com/nagarajRPoojari/orange/internal/db/db.go:137.9,142.3 3 0
github.com/nagarajRPoojari/orange/internal/db/db.go:144.2,145.9 2 0
github.com/nagarajRPoojari/orange/internal/db/db.go:145.9,147.3 1 0
github.com/nagarajRPoojari/orange/internal/db/db.go:149.2,149.35 1 0
github.com/nagarajRPoojari/orange/internal/db/db.go:149.35,157.25 2 0
github.com/nagarajRPoojari/orange/internal/db/db.go:158.14,159.29 1 0
github.com/nagarajRPoojari/orange/internal/db/db.go:160.12,161.36 1 0
github.com/nagarajRPoojari/orange/internal/db/db.go:162.16,163.36 1 0
github.com/nagarajRPoojari/orange/internal/db/db.go:164.11,165.62 1 0
github.com/nagarajRPoojari/orange/internal/db/db.go:168.3,171.17 3 0
github.com/nagarajRPoojari/orange/internal/db/db.go:174.2,174.12 1 0
github.com/nagarajRPoojari/orange/internal/db/db.go:178.77,180.16 2 0
github.com/nagarajRPoojari/orange/internal/db/db.go:180.16,182.3 1 0
github.com/nagarajRPoojari/orange/internal/db/db.go:184.2,185.9 2 0
github.com/nagarajRPoojari/orange/internal/db/db.go:185.9,190.3 3 0
github.com/nagarajRPoojari/orange/internal/db/db.go:192.2,193.9 2 0
github.com/nagarajRPoojari/orange/internal/db/db.go:193.9,195.3 1 0
github.com/nagarajRPoojari/orange/internal/db/db.go:197.2,200.20 3 0
github.com/nagarajRPoojari/orange/internal/db/db.go:200.20,202.3 1 0
github.com/nagarajRPoojari/orange/internal/db/db.go:205.2,207.31 2 0
github.com/nagarajRPoojari/orange/internal/db/db.go:211.54,213.9 2 0
github.com/nagarajRPoojari/orange/internal/db/db.go:213.9,218.3 3 0
github.com/nagarajRPoojari/orange/internal/db/db.go:220.2,221.9 2 0
github.com/nagarajRPoojari/orange/internal/db/db.go:221.9,223.3 1 0
github.com/nagarajRPoojari/orange/internal/db/db.go:225.2,227.16 3 0
github.com/nagarajRPoojari/orange/parrot/storage.go:81.112,89.27 7 0
github.com/nagarajRPoojari/orange/parrot/storage.go:89.27,107.3 2 0
github.com/nagarajRPoojari/orange/parrot/storage.go:109.2,109.10 1 0
github.com/nagarajRPoojari/orange/parrot/storage.go:112.50,134.2 6 0
github.com/nagarajRPoojari/orange/parrot/storage.go:136.50,138.2 1 0
github.com/nagarajRPoojari/orange/parrot/storage.go:140.57,142.2 1 0
github.com/nagarajRPoojari/orange/parrot/storage.go:144.63,146.2 1 0
github.com/nagarajRPoojari/orange/parrot/storage.go:162.112,171.2 3 0
github.com/nagarajRPoojari/orange/parrot/storage.go:173.49,175.9 2 0
github.com/nagarajRPoojari/orange/parrot/storage.go:175.9,177.3 1 0
github.com/nagarajRPoojari/orange/parrot/storage.go:178.2,178.34 1 0
github.com/nagarajRPoojari/orange/parrot/storage.go:194.112,202.2 3 0
github.com/nagarajRPoojari/orange/parrot/storage.go:204.56,207.2 2 0
github.com/nagarajRPoojari/orange/parrot/storage.go:209.62,212.2 2 0
github.com/nagarajRPoojari/orange/internal/types/generated_types.go:25.68,26.15 1 0
github.com/nagarajRPoojari/orange/internal/types/generated_types.go:27.15,28.22 1 0
github.com/nagarajRPoojari/orange/internal/types/generated_types.go:29.17,30.24 1 0
github.com/nagarajRPoojari/orange/internal/types/generated_types.go:31.17,32.24 1 0
github.com/nagarajRPoojari/orange/internal/types/generated_types.go:33.17,34.24 1 0
github.com/nagarajRPoojari/orange/internal/types/generated_types.go:35.16,36.23 1 0
github.com/nagarajRPoojari/orange/internal/types/generated_types.go:37.17,38.24 1 0
github.com/nagarajRPoojari/orange/internal/types/generated_types.go:39.19,40.26 1 0
github.com/nagarajRPoojari/orange/internal/types/generated_types.go:41.19,42.26 1 0
github.com/nagarajRPoojari/orange/internal/types/generated_types.go:43.16,44.23 1 0
github.com/nagarajRPoojari/orange/internal/types/generated_types.go:45.18,46.25 1 0
github.com/nagarajRPoojari/orange/internal/types/generated_types.go:47.16,48.23 1 0
github.com/nagarajRPoojari/orange/internal/types/generated_types.go:49.16,50.23 1 0
github.com/nagarajRPoojari/orange/internal/types/generated_types.go:51.20,52.27 1 0
github.com/nagarajRPoojari/orange/internal/types/generated_types.go:53.21,54.28 1 0
github.com/nagarajRPoojari/orange/internal/types/generated_types.go:55.19,56.26 1 0
github.com/nagarajRPoojari/orange/internal/types/generated_types.go:57.16,58.23 1 0
github.com/nagarajRPoojari/orange/internal/types/generated_types.go:59.14,60.21 1 0
github.com/nagarajRPoojari/orange/internal/types/generated_types.go:62.1,62.51 1 0
github.com/nagarajRPoojari/orange/internal/types/types.go:18.13,63.2 24 0
github.com/nagarajRPoojari/orange/internal/types/types.go:102.34,104.9 2 0
github.com/nagarajRPoojari/orange/internal/types/types.go:104.9,106.3 1 0
github.com/nagarajRPoojari/orange/internal/types/types.go:107.2,107.25 1 0
github.com/nagarajRPoojari/orange/internal/types/types.go:159.41,160.25 1 0
github.com/nagarajRPoojari/orange/internal/types/types.go:161.13,162.18 1 0
github.com/nagarajRPoojari/orange/internal/types/types.go:163.11,164.25 1 0
github.com/nagarajRPoojari/orange/internal/types/types.go:165.15,166.25 1 0
github.com/nagarajRPoojari/orange/internal/types/types.go:167.10,168.79 1 0
github.com/nagarajRPoojari/orange/internal/types/types.go:172.41,174.2 1 0
github.com/nagarajRPoojari/orange/internal/types/types.go:176.44,177.25 1 0
github.com/nagarajRPoojari/orange/internal/types/types.go:178.13,179.18 1 0
github.com/nagarajRPoojari/orange/internal/types/types.go:180.11,181.25 1 0
github.com/nagarajRPoojari/orange/internal/types/types.go:182.15,183.25 1 0
github.com/nagarajRPoojari/orange/internal/types/types.go:184.10,185.79 1 0
github.com/nagarajRPoojari/orange/internal/types/types.go:189.40,190.25 1 0
github.com/nagarajRPoojari/orange/internal/types/types.go:191.11,192.23 1 0
github.com/nagarajRPoojari/orange/internal/types/types.go:193.15,194.23 1 0
github.com/nagarajRPoojari/orange/internal/types/types.go:195.10,196.77 1 0
github.com/nagarajRPoojari/orange/internal/types/types.go:200.47,201.25 1 0
github.com/nagarajRPoojari/orange/internal/types/types.go:202.17,203.18 1 0
github.com/nagarajRPoojari/orange/internal/types/types.go:204.14,211.34 2 0
github.com/nagarajRPoojari/orange/internal/types/types.go:211.34,212.53 1 0
github.com/nagarajRPoojari/orange/internal/types/types.go:212.53,214.5 1 0
github.com/nagarajRPoojari/orange/internal/types/types.go:216.3,216.86 1 0
github.com/nagarajRPoojari/orange/internal/types/types.go:217.15,219.39 1 0
github.com/nagarajRPoojari/orange/internal/types/types.go:220.13,221.32 1 0
github.com/nagarajRPoojari/orange/internal/types/types.go:222.11,223.39 1 0
github.com/nagarajRPoojari/orange/internal/types/types.go:224.10,225.78 1 0
github.com/nagarajRPoojari/orange/internal/types/types.go:229.44,230.25 1 0
github.com/nagarajRPoojari/orange/internal/types/types.go:231.13,232.18 1 0
github.com/nagarajRPoojari/orange/internal/types/types.go:233.11,234.25 1 0
github.com/nagarajRPoojari/orange/internal/types/types.go:235.15,236.25 1 0
github.com/nagarajRPoojari/orange/internal/types/types.go:237.10,238.79 1 0
github.com/nagarajRPoojari/orange/internal/types/types.go:242.44,243.25 1 0
github.com/nagarajRPoojari/orange/internal/types/types.go:244.13,245.18 1 0
github.com/nagarajRPoojari/orange/internal/types/types.go:246.11,247.34 1 0
github.com/nagarajRPoojari/orange/internal/types/types.go:247.34,249.4 1 0
github.com/nagarajRPoojari/orange/internal/types/types.go:250.3,250.25 1 0
github.com/nagarajRPoojari/orange/internal/types/types.go:251.15,252.34 1 0
github.com/nagarajRPoojari/orange/internal/types/types.go:252.34,254.4 1 0
github.com/nagarajRPoojari/orange/internal/types/types.go:255.3,255.25 1 0
github.com/nagarajRPoojari/orange/internal/types/types.go:256.10,257.79 1 0
github.com/nagarajRPoojari/orange/internal/types/types.go:261.42,262.25 1 0
github.com/nagarajRPoojari/orange/internal/types/types.go:263.12,264.18 1 0
github.com/nagarajRPoojari/orange/internal/types/types.go:265.11,266.30 1 0
github.com/nagarajRPoojari/orange/internal/types/types.go:266.30,268.4 1 0
github.com/nagarajRPoojari/orange/internal/types/types.go:269.3,269.24 1 0
github.com/nagarajRPoojari/orange/internal/types/types.go:270.15,271.30 1 0
github.com/nagarajRPoojari/orange/internal/types/types.go:271.30,273.4 1 0
github.com/nagarajRPoojari/orange/internal/types/types.go:274.3,274.24 1 0
github.com/nagarajRPoojari/orange/internal/types/types.go:275.10,276.78 1 0
github.com/nagarajRPoojari/orange/internal/types/types.go:280.48,281.25 1 0
github.com/nagarajRPoojari/orange/internal/types/types.go:282.15,283.18 1 0
github.com/nagarajRPoojari/orange/internal/types/types.go:284.15,285.27 1 0
github.com/nagarajRPoojari/orange/internal/types/types.go:286.11,287.27 1 0
github.com/nagarajRPoojari/orange/internal/types/types.go:288.10,289.81 1 0
github.com/nagarajRPoojari/orange/internal/types/types.go:292.46,293.25 1 0
github.com/nagarajRPoojari/orange/internal/types/types.go:294.15,295.18 1 0
github.com/nagarajRPoojari/orange/internal/types/types.go:296.15,297.27 1 0
github.com/nagarajRPoojari/orange/internal/types/types.go:298.11,299.27 1 0
github.com/nagarajRPoojari/orange/internal/types/types.go:300.10,301.81 1 0
github.com/nagarajRPoojari/orange/internal/types/types.go:305.48,306.25 1 0
github.com/nagarajRPoojari/orange/internal/types/types.go:307.15,308.27 1 0
github.com/nagarajRPoojari/orange/internal/types/types.go:309.11,310.27 1 0
github.com/nagarajRPoojari/orange/internal/types/types.go:311.10,312.81 1 0
github.com/nagarajRPoojari/orange/internal/types/types.go:316.47,317.25 1 0
github.com/nagarajRPoojari/orange/internal/types/types.go:318.23,319.27 1 0
github.com/nagarajRPoojari/orange/internal/types/types.go:320.20,321.26 1 0
github.com/nagarajRPoojari/orange/internal/types/types.go:322.14,324.17 2 0
github.com/nagarajRPoojari/orange/internal/types/types.go:324.17,326.4 1 0
github.com/nagarajRPoojari/orange/internal/types/types.go:327.3,327.25 1 0
github.com/nagarajRPoojari/orange/internal/types/types.go:328.15,329.49 1 0
github.com/nagarajRPoojari/orange/internal/types/types.go:330.15,331.51 1 0
github.com/nagarajRPoojari/orange/internal/types/types.go:332.11,333.54 1 0
github.com/nagarajRPoojari/orange/internal/types/types.go:334.13,335.47 1 0
github.com/nagarajRPoojari/orange/internal/types/types.go:336.12,337.54 1 0
github.com/nagarajRPoojari/orange/internal/types/types.go:338.14,339.54 1 0
github.com/nagarajRPoojari/orange/internal/types/types.go:340.10,341.72 1 0
github.com/nagarajRPoojari/orange/internal/types/types.go:345.42,346.25 1 0
github.com/nagarajRPoojari/orange/internal/types/types.go:347.12,348.18 1 0
github.com/nagarajRPoojari/orange/internal/types/types.go:349.14,350.20 1 0
github.com/nagarajRPoojari/orange/internal/types/types.go:350.20,352.4 1 0
github.com/nagarajRPoojari/orange/internal/types/types.go:352.9,352.28 1 0
github.com/nagarajRPoojari/orange/internal/types/types.go:352.28,354.4 1 0
github.com/nagarajRPoojari/orange/internal/types/types.go:356.2,356.81 1 0
github.com/nagarajRPoojari/orange/internal/types/types.go:359.42,360.25 1 0
github.com/nagarajRPoojari/orange/internal/types/types.go:361.12,362.18 1 0
github.com/nagarajRPoojari/orange/internal/types/types.go:363.11,364.27 1 0
github.com/nagarajRPoojari/orange/internal/types/types.go:364.27,366.4 1 0
github.com/nagarajRPoojari/orange/internal/types/types.go:367.3,367.24 1 0
github.com/nagarajRPoojari/orange/internal/types/types.go:368.12,369.14 1 0
github.com/nagarajRPoojari/orange/internal/types/types.go:369.14,371.4 1 0
github.com/nagarajRPoojari/orange/internal/types/types.go:372.3,372.24 1 0
github.com/nagarajRPoojari/orange/internal/types/types.go:373.13,374.27 1 0
github.com/nagarajRPoojari/orange/internal/types/types.go:374.27,376.4 1 0
github.com/nagarajRPoojari/orange/internal/types/types.go:377.3,377.24 1 0
github.com/nagarajRPoojari/orange/internal/types/types.go:378.13,379.27 1 0
github.com/nagarajRPoojari/orange/internal/types/types.go:379.27,381.4 1 0
github.com/nagarajRPoojari/orange/internal/types/types.go:382.3,382.24 1 0
github.com/nagarajRPoojari/orange/internal/types/types.go:383.13,384.27 1 0
github.com/nagarajRPoojari/orange/internal/types/types.go:384.27,386.4 1 0
github.com/nagarajRPoojari/orange/internal/types/types.go:387.3,387.24 1 0
github.com/nagarajRPoojari/orange/internal/types/types.go:388.12,389.16 1 0
github.com/nagarajRPoojari/orange/internal/types/types.go:389.16,391.4 1 0
github.com/nagarajRPoojari/orange/internal/types/types.go:392.3,392.24 1 0
github.com/nagarajRPoojari/orange/internal/types/types.go:393.14,394.16 1 0
github.com/nagarajRPoojari/orange/internal/types/types.go:394.16,396.4 1 0
github.com/nagarajRPoojari/orange/internal/types/types.go:397.3,397.24 1 0
github.com/nagarajRPoojari/orange/internal/types/types.go:398.14,399.16 1 0
github.com/nagarajRPoojari/orange/internal/types/types.go:399.16,401.4 1 0
github.com/nagarajRPoojari/orange/internal/types/types.go:402.3,402.24 1 0
github.com/nagarajRPoojari/orange/internal/types/types.go:403.14,404.16 1 0
github.com/nagarajRPoojari/orange/internal/types/types.go:404.16,406.4 1 0
github.com/nagarajRPoojari/orange/internal/types/types.go:407.3,407.24 1 0
github.com/nagarajRPoojari/orange/internal/types/types.go:408.15,409.27 1 0
github.com/nagarajRPoojari/orange/internal/types/types.go:409.27,411.4 1 0
github.com/nagarajRPoojari/orange/internal/types/types.go:412.3,412.24 1 0
github.com/nagarajRPoojari/orange/internal/types/types.go:413.15,414.27 1 0
github.com/nagarajRPoojari/orange/internal/types/types.go:414.27,416.4 1 0
github.com/nagarajRPoojari/orange/internal/types/types.go:417.3,417.24 1 0
github.com/nagarajRPoojari/orange/internal/types/types.go:418.14,419.20 1 0
github.com/nagarajRPoojari/orange/internal/types/types.go:419.20,421.4 1 0
github.com/nagarajRPoojari/orange/internal/types/types.go:422.3,422.91 1 0
github.com/nagarajRPoojari/orange/internal/types/types.go:423.10,424.87 1 0
github.com/nagarajRPoojari/orange/internal/types/types.go:428.46,429.25 1 0
github.com/nagarajRPoojari/orange/internal/types/types.go:430.14,431.18 1 0
github.com/nagarajRPoojari/orange/internal/types/types.go:432.12,433.38 1 0
github.com/nagarajRPoojari/orange/internal/types/types.go:434.11,435.48 1 0
github.com/nagarajRPoojari/orange/internal/types/types.go:436.14,437.26 1 0
github.com/nagarajRPoojari/orange/internal/types/types.go:438.10,439.81 1 0
github.com/nagarajRPoojari/orange/internal/types/types.go:443.47,444.25 1 0
github.com/nagarajRPoojari/orange/internal/types/types.go:445.17,446.18 1 0
github.com/nagarajRPoojari/orange/internal/types/types.go:447.14,454.34 2 0
github.com/nagarajRPoojari/orange/internal/types/types.go:454.34,455.53 1 0
github.com/nagarajRPoojari/orange/internal/types/types.go:455.53,457.5 1 0
github.com/nagarajRPoojari/orange/internal/types/types.go:459.3,459.80 1 0
github.com/nagarajRPoojari/orange/internal/types/types.go:460.10,461.88 1 0
github.com/nagarajRPoojari/orange/internal/types/types.go:465.51,466.25 1 0
github.com/nagarajRPoojari/orange/internal/types/types.go:467.17,468.18 1 0
github.com/nagarajRPoojari/orange/internal/types/types.go:469.14,477.34 2 0
github.com/nagarajRPoojari/orange/internal/types/types.go:477.34,478.53 1 0
github.com/nagarajRPoojari/orange/internal/types/types.go:478.53,480.5 1 0
github.com/nagarajRPoojari/orange/internal/types/types.go:482.3,482.90 1 0
github.com/nagarajRPoojari/orange/internal/types/types.go:483.15,484.39 1 0
github.com/nagarajRPoojari/orange/internal/types/types.go:485.13,486.32 1 0
github.com/nagarajRPoojari/orange/internal/types/types.go:487.11,488.39 1 0
github.com/nagarajRPoojari/orange/internal/types/types.go:489.10,490.92 1 0
github.com/nagarajRPoojari/orange/internal/types/types.go:495.48,496.25 1 0
github.com/nagarajRPoojari/orange/internal/types/types.go:497.17,498.25 1 0
github.com/nagarajRPoojari/orange/internal/types/types.go:499.14,501.17 2 0
github.com/nagarajRPoojari/orange/internal/types/types.go:501.17,503.4 1 0
github.com/nagarajRPoojari/orange/internal/types/types.go:504.3,504.23 1 0
github.com/nagarajRPoojari/orange/internal/types/types.go:505.15,506.25 1 0
github.com/nagarajRPoojari/orange/internal/types/types.go:507.13,508.18 1 0
github.com/nagarajRPoojari/orange/internal/types/types.go:509.11,510.25 1 0
github.com/nagarajRPoojari/orange/internal/types/types.go:511.10,512.83 1 0
github.com/nagarajRPoojari/orange/internal/types/types.go:517.40,519.16 2 0
github.com/nagarajRPoojari/orange/internal/types/types.go:519.16,521.3 1 0
github.com/nagarajRPoojari/orange/internal/types/types.go:522.2,522.20 1 0
github.com/nagarajRPoojari/orange/internal/types/types.go:525.44,527.16 2 0
github.com/nagarajRPoojari/orange/internal/types/types.go:527.16,529.3 1 0
github.com/nagarajRPoojari/orange/internal/types/types.go:530.2,530.22 1 0
github.com/nagarajRPoojari/orange/internal/types/types.go:533.44,535.16 2 0
github.com/nagarajRPoojari/orange/internal/types/types.go:535.16,537.3 1 0
github.com/nagarajRPoojari/orange/internal/types/types.go:538.2,538.22 1 0
github.com/nagarajRPoojari/orange/internal/types/types.go:541.44,543.16 2 0
github.com/nagarajRPoojari/orange/internal/types/types.go:543.16,545.3 1 0
github.com/nagarajRPoojari/orange/internal/types/types.go:546.2,546.22 1 0
github.com/nagarajRPoojari/orange/internal/types/types.go:549.42,551.16 2 0
github.com/nagarajRPoojari/orange/internal/types/types.go:551.16,553.3 1 0
github.com/nagarajRPoojari/orange/internal/types/types.go:554.2,554.21 1 0
github.com/nagarajRPoojari/orange/internal/types/types.go:558.44,560.16 2 0
github.com/nagarajRPoojari/orange/internal/types/types.go:560.16,562.3 1 0
github.com/nagarajRPoojari/orange/internal/types/types.go:563.2,563.22 1 0
github.com/nagarajRPoojari/orange/internal/types/types.go:566.48,568.16 2 0
github.com/nagarajRPoojari/orange/internal/types/types.go:568.16,570.3 1 0
github.com/nagarajRPoojari/orange/internal/types/types.go:571.2,571.24 1 0
github.com/nagarajRPoojari/orange/internal/types/types.go:574.48,576.16 2 0
github.com/nagarajRPoojari/orange/internal/types/types.go:576.16,578.3 1 0
github.com/nagarajRPoojari/orange/internal/types/types.go:579.2,579.24 1 0
github.com/nagarajRPoojari/orange/internal/types/types.go:583.42,585.16 2 0
github.com/nagarajRPoojari/orange/internal/types/types.go:585.16,587.3 1 0
github.com/nagarajRPoojari/orange/internal/types/types.go:588.2,588.21 1 0
github.com/nagarajRPoojari/orange/internal/types/types.go:592.46,594.16 2 0
github.com/nagarajRPoojari/orange/internal/types/types.go:594.16,596.3 1 0
github.com/nagarajRPoojari/orange/internal/types/types.go:597.2,597.23 1 0
github.com/nagarajRPoojari/orange/internal/types/types.go:601.42,603.16 2 0
github.com/nagarajRPoojari/orange/internal/types/types.go:603.16,605.3 1 0
github.com/nagarajRPoojari/orange/internal/types/types.go:606.2,606.27 1 0
github.com/nagarajRPoojari/orange/internal/types/types.go:609.42,611.16 2 0
github.com/nagarajRPoojari/orange/internal/types/types.go:611.16,613.3 1 0
github.com/nagarajRPoojari/orange/internal/types/types.go:614.2,614.27 1 0
github.com/nagarajRPoojari/orange/internal/types/types.go:617.50,619.16 2 0
github.com/nagarajRPoojari/orange/internal/types/types.go:619.16,621.3 1 0
github.com/nagarajRPoojari/orange/internal/types/types.go:622.2,622.31 1 0
github.com/nagarajRPoojari/orange/internal/types/types.go:625.52,627.16 2 0
github.com/nagarajRPoojari/orange/internal/types/types.go:627.16,629.3 1 0
github.com/nagarajRPoojari/orange/internal/types/types.go:630.2,630.32 1 0
github.com/nagarajRPoojari/orange/internal/types/types.go:633.48,635.16 2 0
github.com/nagarajRPoojari/orange/internal/types/types.go:635.16,637.3 1 0
github.com/nagarajRPoojari/orange/internal/types/types.go:638.2,638.24 1 0
github.com/nagarajRPoojari/orange/internal/types/types.go:641.42,643.16 2 0
github.com/nagarajRPoojari/orange/internal/types/types.go:643.16,645.3 1 0
github.com/nagarajRPoojari/orange/internal/types/types.go:646.2,646.21 1 0
github.com/nagarajRPoojari/orange/parrot/cache/v2/index.go:31.72,35.2 1 0
github.com/nagarajRPoojari/orange/parrot/cache/v2/index.go:38.103,41.12 3 0
github.com/nagarajRPoojari/orange/parrot/cache/v2/index.go:41.12,43.3 1 0
github.com/nagarajRPoojari/orange/parrot/cache/v2/index.go:45.2,47.16 3 0
github.com/nagarajRPoojari/orange/parrot/cache/v2/index.go:47.16,49.3 1 0
github.com/nagarajRPoojari/orange/parrot/cache/v2/index.go:50.2,51.16 2 0
github.com/nagarajRPoojari/orange/parrot/cache/v2/index.go:51.16,53.3 1 0
github.com/nagarajRPoojari/orange/parrot/cache/v2/index.go:56.2,64.56 3 0
github.com/nagarajRPoojari/orange/parrot/cache/v2/index.go:68.109,71.12 2 0
github.com/nagarajRPoojari/orange/parrot/cache/v2/index.go:71.12,73.3 1 0
github.com/nagarajRPoojari/orange/parrot/cache/v2/index.go:75.2,77.16 3 0
github.com/nagarajRPoojari/orange/parrot/cache/v2/index.go:77.16,79.3 1 0
github.com/nagarajRPoojari/orange/parrot/cache/v2/index.go:80.2,81.16 2 0
github.com/nagarajRPoojari/orange/parrot/cache/v2/index.go:81.16,83.3 1 0
github.com/nagarajRPoojari/orange/parrot/cache/v2/index.go:86.2,94.53 3 0
github.com/nagarajRPoojari/orange/parrot/cache/v2/index.go:116.40,117.31 1 0
github.com/nagarajRPoojari/orange/parrot/cache/v2/index.go:117.31,122.7 3 0
github.com/nagarajRPoojari/orange/parrot/cache/v2/index.go:122.7,125.18 3 0
github.com/nagarajRPoojari/orange/parrot/cache/v2/index.go:125.18,126.31 1 0
github.com/nagarajRPoojari/orange/parrot/cache/v2/index.go:126.31,127.11 1 0
github.com/nagarajRPoojari/orange/parrot/cache/v2/index.go:129.5,130.11 2 0
github.com/nagarajRPoojari/orange/parrot/cache/v2/index.go:132.4,132.34 1 0
github.com/nagarajRPoojari/orange/parrot/cache/v2/index.go:135.3,135.27 1 0
github.com/nagarajRPoojari/orange/parrot/cache/v2/index.go:142.81,145.19 2 0
github.com/nagarajRPoojari/orange/parrot/cache/v2/index.go:145.19,147.3 1 0
github.com/nagarajRPoojari/orange/parrot/cache/v2/index.go:149.2,151.20 2 0
github.com/nagarajRPoojari/orange/parrot/cache/v2/index.go:151.20,154.25 3 0
github.com/nagarajRPoojari/orange/parrot/cache/v2/index.go:154.25,156.4 1 0
github.com/nagarajRPoojari/orange/parrot/cache/v2/index.go:156.9,157.23 1 0
github.com/nagarajRPoojari/orange/parrot/cache/v2/index.go:157.23,158.55 1 0
github.com/nagarajRPoojari/orange/parrot/cache/v2/index.go:158.55,160.6 1 0
github.com/nagarajRPoojari/orange/parrot/cache/v2/index.go:162.5,164.53 3 0
github.com/nagarajRPoojari/orange/parrot/cache/v2/index.go:164.53,166.6 1 0
github.com/nagarajRPoojari/orange/parrot/cache/v2/index.go:168.5,168.30 1 0
github.com/nagarajRPoojari/orange/parrot/cache/v2/index.go:168.30,171.6 2 0
github.com/nagarajRPoojari/orange/parrot/cache/v2/index.go:173.5,173.22 1 0
github.com/nagarajRPoojari/orange/parrot/cache/v2/index.go:174.10,176.5 1 0
github.com/nagarajRPoojari/orange/parrot/cache/v2/index.go:180.2,180.74 1 0
github.com/nagarajRPoojari/orange/parrot/cache/v2/index.go:187.78,190.19 2 0
github.com/nagarajRPoojari/orange/parrot/cache/v2/index.go:190.19,192.3 1 0
github.com/nagarajRPoojari/orange/parrot/cache/v2/index.go:195.2,197.36 2 0
github.com/nagarajRPoojari/orange/parrot/cache/v2/index.go:197.36,199.47 1 0
github.com/nagarajRPoojari/orange/parrot/cache/v2/index.go:199.47,201.4 1 0
github.com/nagarajRPoojari/orange/parrot/cache/v2/index.go:203.3,205.51 3 0
github.com/nagarajRPoojari/orange/parrot/cache/v2/index.go:205.51,207.4 1 0
github.com/nagarajRPoojari/orange/parrot/cache/v2/index.go:209.3,209.33 1 0
github.com/nagarajRPoojari/orange/parrot/cache/v2/index.go:212.2,212.20 1 0
github.com/nagarajRPoojari/orange/parrot/compactor/gc.go:70.151,83.16 4 0
github.com/nagarajRPoojari/orange/parrot/compactor/gc.go:83.16,85.3 1 0
github.com/nagarajRPoojari/orange/parrot/compactor/gc.go:87.2,89.11 2 0
github.com/nagarajRPoojari/orange/parrot/compactor/gc.go:93.31,96.31 3 0
github.com/nagarajRPoojari/orange/parrot/compactor/gc.go:96.31,97.19 1 0
github.com/nagarajRPoojari/orange/parrot/compactor/gc.go:98.24,99.38 1 0
github.com/nagarajRPoojari/orange/parrot/compactor/gc.go:100.23,101.37 1 0
github.com/nagarajRPoojari/orange/parrot/compactor/gc.go:102.22,103.43 1 0
github.com/nagarajRPoojari/orange/parrot/compactor/gc.go:104.21,105.42 1 0
github.com/nagarajRPoojari/orange/parrot/compactor/gc.go:109.2,110.35 2 0
github.com/nagarajRPoojari/orange/parrot/compactor/gc.go:110.35,112.3 1 0
github.com/nagarajRPoojari/orange/parrot/compactor/gc.go:113.2,113.34 1 0
github.com/nagarajRPoojari/orange/parrot/compactor/gc.go:113.34,115.3 1 0
github.com/nagarajRPoojari/orange/parrot/compactor/gc.go:118.45,122.6 3 0
github.com/nagarajRPoojari/orange/parrot/compactor/gc.go:122.6,123.10 1 0
github.com/nagarajRPoojari/orange/parrot/compactor/gc.go:124.21,126.10 2 0
github.com/nagarajRPoojari/orange/parrot/compactor/gc.go:127.19,129.43 1 0
github.com/nagarajRPoojari/orange/parrot/compactor/gc.go:157.122,159.16 2 0
github.com/nagarajRPoojari/orange/parrot/compactor/gc.go:159.16,161.3 1 0
github.com/nagarajRPoojari/orange/parrot/compactor/gc.go:163.2,165.105 2 0
github.com/nagarajRPoojari/orange/parrot/compactor/gc.go:165.105,185.45 11 0
github.com/nagarajRPoojari/orange/parrot/compactor/gc.go:185.45,188.18 2 0
github.com/nagarajRPoojari/orange/parrot/compactor/gc.go:188.18,190.5 1 0
github.com/nagarajRPoojari/orange/parrot/compactor/gc.go:191.4,201.28 8 0
github.com/nagarajRPoojari/orange/parrot/compactor/gc.go:201.28,202.10 1 0
github.com/nagarajRPoojari/orange/parrot/compactor/gc.go:207.3,211.30 3 0
github.com/nagarajRPoojari/orange/parrot/compactor/gc.go:211.30,213.4 1 0
github.com/nagarajRPoojari/orange/parrot/compactor/gc.go:215.3,215.20 1 0
github.com/nagarajRPoojari/orange/parrot/compactor/gc.go:215.20,222.29 4 0
github.com/nagarajRPoojari/orange/parrot/compactor/gc.go:222.29,224.5 1 0
github.com/nagarajRPoojari/orange/parrot/compactor/gc.go:225.4,225.14 1 0
github.com/nagarajRPoojari/orange/parrot/compactor/gc.go:235.3,236.17 2 0
github.com/nagarajRPoojari/orange/parrot/compactor/gc.go:236.17,240.4 2 0
github.com/nagarajRPoojari/orange/parrot/compactor/gc.go:242.3,254.17 11 0
github.com/nagarajRPoojari/orange/parrot/compactor/gc.go:254.17,256.4 1 0
github.com/nagarajRPoojari/orange/parrot/compactor/gc.go:257.3,279.37 7 0
github.com/nagarajRPoojari/orange/parrot/compactor/gc.go:279.37,281.47 2 0
github.com/nagarajRPoojari/orange/parrot/compactor/gc.go:281.47,283.5 1 0
github.com/nagarajRPoojari/orange/parrot/compactor/gc.go:284.4,284.54 1 0
github.com/nagarajRPoojari/orange/parrot/compactor/gc.go:287.3,287.42 1 0
github.com/nagarajRPoojari/orange/parrot/compactor/gc.go:287.42,289.47 2 0
github.com/nagarajRPoojari/orange/parrot/compactor/gc.go:289.47,291.5 1 0
github.com/nagarajRPoojari/orange/parrot/compactor/gc.go:292.4,292.54 1 0
github.com/nagarajRPoojari/orange/parrot/compactor/gc.go:296.3,296.29 1 0
github.com/nagarajRPoojari/orange/parrot/compactor/gc.go:298.8,300.3 1 0
github.com/nagarajRPoojari/orange/parrot/compactor/heap.go:23.38,25.2 1 0
github.com/nagarajRPoojari/orange/parrot/compactor/heap.go:27.48,29.2 1 0
github.com/nagarajRPoojari/orange/parrot/compactor/heap.go:31.43,33.2 1 0
github.com/nagarajRPoojari/orange/parrot/compactor/heap.go:35.40,38.2 2 0
github.com/nagarajRPoojari/orange/parrot/compactor/heap.go:40.38,45.2 4 0
github.com/nagarajRPoojari/orange/parrot/io/io.go:25.41,27.2 1 0
github.com/nagarajRPoojari/orange/parrot/io/io.go:29.45,31.2 1 0
github.com/nagarajRPoojari/orange/parrot/io/io.go:33.30,36.2 2 0
github.com/nagarajRPoojari/orange/parrot/io/io.go:42.49,43.46 1 0
github.com/nagarajRPoojari/orange/parrot/io/io.go:43.46,45.3 1 0
github.com/nagarajRPoojari/orange/parrot/io/io.go:47.2,48.12 2 0
github.com/nagarajRPoojari/orange/parrot/io/io.go:51.41,53.2 1 0
github.com/nagarajRPoojari/orange/parrot/io/io.go:55.30,57.2 1 0
github.com/nagarajRPoojari/orange/parrot/io/io.go:59.41,61.16 2 0
github.com/nagarajRPoojari/orange/parrot/io/io.go:61.16,63.3 1 0
github.com/nagarajRPoojari/orange/parrot/io/io.go:66.2,66.15 1 0
github.com/nagarajRPoojari/orange/parrot/io/io.go:77.36,82.2 1 0
github.com/nagarajRPoojari/orange/parrot/io/io.go:87.36,88.17 1 0
github.com/nagarajRPoojari/orange/parrot/io/io.go:88.17,88.54 1 0
github.com/nagarajRPoojari/orange/parrot/io/io.go:89.2,89.23 1 0
github.com/nagarajRPoojari/orange/parrot/io/io.go:92.75,94.16 2 0
github.com/nagarajRPoojari/orange/parrot/io/io.go:94.16,96.3 1 0
github.com/nagarajRPoojari/orange/parrot/io/io.go:98.2,99.16 2 0
github.com/nagarajRPoojari/orange/parrot/io/io.go:99.16,101.3 1 0
github.com/nagarajRPoojari/orange/parrot/io/io.go:104.2,104.38 1 0
github.com/nagarajRPoojari/orange/parrot/io/io.go:104.38,110.3 1 0
github.com/nagarajRPoojari/orange/parrot/io/io.go:112.2,113.16 2 0
github.com/nagarajRPoojari/orange/parrot/io/io.go:113.16,115.3 1 0
github.com/nagarajRPoojari/orange/parrot/io/io.go:117.2,118.24 2 0
github.com/nagarajRPoojari/orange/parrot/io/io.go:121.64,126.9 4 0
github.com/nagarajRPoojari/orange/parrot/io/io.go:126.9,129.3 2 0
github.com/nagarajRPoojari/orange/parrot/io/io.go:131.2,131.27 1 0
github.com/nagarajRPoojari/orange/parrot/io/io.go:144.69,149.57 4 0
github.com/nagarajRPoojari/orange/parrot/io/io.go:149.57,151.3 1 0
github.com/nagarajRPoojari/orange/parrot/io/io.go:152.2,153.16 2 0
github.com/nagarajRPoojari/orange/parrot/io/io.go:153.16,155.3 1 0
github.com/nagarajRPoojari/orange/parrot/io/io.go:156.2,158.20 2 0
github.com/nagarajRPoojari/orange/parrot/io/io.go:163.61,166.47 2 0
github.com/nagarajRPoojari/orange/parrot/io/io.go:166.47,168.3 1 0
github.com/nagarajRPoojari/orange/parrot/io/io.go:170.2,171.16 2 0
github.com/nagarajRPoojari/orange/parrot/io/io.go:171.16,173.3 1 0
github.com/nagarajRPoojari/orange/parrot/io/io.go:174.2,174.29 1 0
github.com/nagarajRPoojari/orange/parrot/io/io.go:179.62,182.47 2 0
github.com/nagarajRPoojari/orange/parrot/io/io.go:182.47,184.3 1 0
github.com/nagarajRPoojari/orange/parrot/io/io.go:186.2,187.16 2 0
github.com/nagarajRPoojari/orange/parrot/io/io.go:187.16,189.3 1 0
github.com/nagarajRPoojari/orange/parrot/io/io.go:191.2,191.29 1 0
github.com/nagarajRPoojari/orange/parrot/io/io.go:196.48,199.2 2 0
github.com/nagarajRPoojari/orange/parrot/io/io.go:203.49,204.40 1 0
github.com/nagarajRPoojari/orange/parrot/io/io.go:204.40,206.3 1 0
github.com/nagarajRPoojari/orange/parrot/io/io.go:207.2,207.12 1 0
github.com/nagarajRPoojari/orange/parrot/memtable/flush.go:42.117,48.2 1 0
github.com/nagarajRPoojari/orange/parrot/memtable/flush.go:50.50,54.6 3 0
github.com/nagarajRPoojari/orange/parrot/memtable/flush.go:54.6,55.10 1 0
github.com/nagarajRPoojari/orange/parrot/memtable/flush.go:56.21,58.10 2 0
github.com/nagarajRPoojari/orange/parrot/memtable/flush.go:59.19,62.20 1 0
github.com/nagarajRPoojari/orange/parrot/memtable/flush.go:67.52,91.16 13 0
github.com/nagarajRPoojari/orange/parrot/memtable/flush.go:91.16,93.3 1 0
github.com/nagarajRPoojari/orange/parrot/memtable/flush.go:96.2,105.26 6 0
github.com/nagarajRPoojari/orange/parrot/memtable/flush.go:105.26,107.3 1 0
github.com/nagarajRPoojari/orange/parrot/memtable/flush.go:110.2,110.24 1 0
github.com/nagarajRPoojari/orange/parrot/memtable/flush.go:110.24,112.3 1 0
github.com/nagarajRPoojari/orange/parrot/memtable/flush.go:114.2,114.45 1 0
github.com/nagarajRPoojari/orange/parrot/memtable/memtable.go:76.82,79.20 2 0
github.com/nagarajRPoojari/orange/parrot/memtable/memtable.go:79.20,89.3 2 0
github.com/nagarajRPoojari/orange/parrot/memtable/memtable.go:91.2,96.3 1 0
github.com/nagarajRPoojari/orange/parrot/memtable/memtable.go:99.66,101.2 1 0
github.com/nagarajRPoojari/orange/parrot/memtable/memtable.go:104.76,109.27 5 0
github.com/nagarajRPoojari/orange/parrot/memtable/memtable.go:109.27,112.3 2 0
github.com/nagarajRPoojari/orange/parrot/memtable/memtable.go:113.2,113.37 1 0
github.com/nagarajRPoojari/orange/parrot/memtable/memtable.go:113.37,115.3 1 0
github.com/nagarajRPoojari/orange/parrot/memtable/memtable.go:116.2,116.17 1 0
github.com/nagarajRPoojari/orange/parrot/memtable/memtable.go:119.53,121.15 2 0
github.com/nagarajRPoojari/orange/parrot/memtable/memtable.go:121.15,124.23 2 0
github.com/nagarajRPoojari/orange/parrot/memtable/memtable.go:124.23,126.4 1 0
github.com/nagarajRPoojari/orange/parrot/memtable/memtable.go:130.2,130.79 1 0
github.com/nagarajRPoojari/orange/parrot/memtable/memtable.go:130.79,132.3 1 0
github.com/nagarajRPoojari/orange/parrot/memtable/memtable.go:133.2,134.13 2 0
github.com/nagarajRPoojari/orange/parrot/memtable/memtable.go:137.53,139.15 2 0
github.com/nagarajRPoojari/orange/parrot/memtable/memtable.go:139.15,142.23 2 0
github.com/nagarajRPoojari/orange/parrot/memtable/memtable.go:142.23,144.4 1 0
github.com/nagarajRPoojari/orange/parrot/memtable/memtable.go:147.2,147.31 1 0
github.com/nagarajRPoojari/orange/parrot/memtable/memtable.go:147.31,149.3 1 0
github.com/nagarajRPoojari/orange/parrot/memtable/memtable.go:151.2,151.27 1 0
github.com/nagarajRPoojari/orange/parrot/memtable/memtable.go:154.54,158.9 4 0
github.com/nagarajRPoojari/orange/parrot/memtable/memtable.go:158.9,160.3 1 0
github.com/nagarajRPoojari/orange/parrot/memtable/memtable.go:161.2,161.21 1 0
github.com/nagarajRPoojari/orange/parrot/memtable/memtable.go:161.21,163.3 1 0
github.com/nagarajRPoojari/orange/parrot/memtable/memtable.go:165.2,165.32 1 0
github.com/nagarajRPoojari/orange/parrot/memtable/memtable.go:189.135,214.2 10 0
github.com/nagarajRPoojari/orange/parrot/memtable/memtable.go:216.51,217.23 1 0
github.com/nagarajRPoojari/orange/parrot/memtable/memtable.go:217.23,219.3 1 0
github.com/nagarajRPoojari/orange/parrot/memtable/memtable.go:222.2,223.16 2 0
github.com/nagarajRPoojari/orange/parrot/memtable/memtable.go:223.16,226.3 2 0
github.com/nagarajRPoojari/orange/parrot/memtable/memtable.go:229.2,229.40 1 0
github.com/nagarajRPoojari/orange/parrot/memtable/memtable.go:229.40,231.37 1 0
github.com/nagarajRPoojari/orange/parrot/memtable/memtable.go:231.37,236.4 4 0
github.com/nagarajRPoojari/orange/parrot/memtable/memtable.go:237.3,237.45 1 0
github.com/nagarajRPoojari/orange/parrot/memtable/memtable.go:240.2,240.29 1 0
github.com/nagarajRPoojari/orange/parrot/memtable/memtable.go:240.29,242.3 1 0
github.com/nagarajRPoojari/orange/parrot/memtable/memtable.go:244.2,244.12 1 0
github.com/nagarajRPoojari/orange/parrot/memtable/memtable.go:247.53,249.16 2 0
github.com/nagarajRPoojari/orange/parrot/memtable/memtable.go:249.16,251.3 1 0
github.com/nagarajRPoojari/orange/parrot/memtable/memtable.go:252.2,252.31 1 0
github.com/nagarajRPoojari/orange/parrot/memtable/memtable.go:252.31,254.3 1 0
github.com/nagarajRPoojari/orange/parrot/memtable/memtable.go:258.39,259.28 1 0
github.com/nagarajRPoojari/orange/parrot/memtable/memtable.go:259.28,261.3 1 0
github.com/nagarajRPoojari/orange/parrot/memtable/memtable.go:262.2,266.21 4 0
github.com/nagarajRPoojari/orange/parrot/memtable/memtable.go:271.58,272.40 1 0
github.com/nagarajRPoojari/orange/parrot/memtable/memtable.go:272.40,293.3 10 0
github.com/nagarajRPoojari/orange/parrot/memtable/memtable.go:294.2,294.14 1 0
github.com/nagarajRPoojari/orange/parrot/memtable/memtable.go:298.53,305.18 4 0
github.com/nagarajRPoojari/orange/parrot/memtable/memtable.go:305.18,307.15 2 0
github.com/nagarajRPoojari/orange/parrot/memtable/memtable.go:308.27,309.18 1 0
github.com/nagarajRPoojari/orange/parrot/memtable/memtable.go:310.29,311.22 1 0
github.com/nagarajRPoojari/orange/parrot/memtable/memtable.go:313.3,313.19 1 0
github.com/nagarajRPoojari/orange/parrot/memtable/memtable.go:316.2,322.19 4 0
github.com/nagarajRPoojari/orange/parrot/memtable/memtable.go:322.19,326.23 4 0
github.com/nagarajRPoojari/orange/parrot/memtable/memtable.go:326.23,329.4 2 0
github.com/nagarajRPoojari/orange/parrot/memtable/memtable.go:331.3,331.46 1 0
github.com/nagarajRPoojari/orange/parrot/memtable/memtable.go:331.46,333.4 1 0
github.com/nagarajRPoojari/orange/parrot/memtable/memtable.go:335.3,335.37 1 0
github.com/nagarajRPoojari/orange/parrot/memtable/memtable.go:335.37,338.18 3 0
github.com/nagarajRPoojari/orange/parrot/memtable/memtable.go:338.18,339.23 1 0
github.com/nagarajRPoojari/orange/parrot/memtable/memtable.go:341.32,342.14 1 0
github.com/nagarajRPoojari/orange/parrot/memtable/memtable.go:343.31,344.27 1 0
github.com/nagarajRPoojari/orange/parrot/memtable/memtable.go:348.4,348.22 1 0
github.com/nagarajRPoojari/orange/parrot/memtable/memtable.go:348.22,350.5 1 0
github.com/nagarajRPoojari/orange/parrot/memtable/memtable.go:352.4,352.53 1 0
github.com/nagarajRPoojari/orange/parrot/memtable/memtable.go:352.53,353.13 1 0
github.com/nagarajRPoojari/orange/parrot/memtable/memtable.go:356.3,357.41 2 0
github.com/nagarajRPoojari/orange/parrot/memtable/memtable.go:359.2,360.21 2 0
github.com/nagarajRPoojari/orange/parrot/memtable/memtable.go:363.63,366.2 2 0
github.com/nagarajRPoojari/orange/parrot/memtable/queue.go:27.75,32.2 1 0
github.com/nagarajRPoojari/orange/parrot/memtable/queue.go:51.72,55.2 1 0
github.com/nagarajRPoojari/orange/parrot/memtable/queue.go:57.46,65.19 4 0
github.com/nagarajRPoojari/orange/parrot/memtable/queue.go:65.19,72.3 5 0
github.com/nagarajRPoojari/orange/parrot/memtable/queue.go:74.2,76.15 3 0
github.com/nagarajRPoojari/orange/parrot/memtable/queue.go:80.84,85.19 3 0
github.com/nagarajRPoojari/orange/parrot/memtable/queue.go:85.19,87.3 1 0
github.com/nagarajRPoojari/orange/parrot/memtable/queue.go:89.2,97.23 4 0
github.com/nagarajRPoojari/orange/parrot/memtable/queue.go:97.23,100.3 2 0
github.com/nagarajRPoojari/orange/parrot/memtable/queue.go:102.2,104.22 2 0
github.com/nagarajRPoojari/orange/parrot/memtable/queue.go:104.22,108.3 3 0
github.com/nagarajRPoojari/orange/parrot/memtable/queue.go:110.2,110.24 1 0
github.com/nagarajRPoojari/orange/parrot/memtable/queue.go:110.24,112.3 1 0
github.com/nagarajRPoojari/orange/parrot/memtable/queue.go:113.2,115.21 2 0
github.com/nagarajRPoojari/orange/parrot/errors/errors.go:13.40,15.2 1 0
github.com/nagarajRPoojari/orange/parrot/errors/errors.go:17.66,19.2 1 0
github.com/nagarajRPoojari/orange/parrot/errors/errors.go:23.39,25.2 1 0
github.com/nagarajRPoojari/orange/parrot/errors/errors.go:27.64,29.2 1 0
github.com/nagarajRPoojari/orange/parrot/errors/errors.go:33.31,35.2 1 0
github.com/nagarajRPoojari/orange/parrot/errors/errors.go:37.53,39.2 1 0
github.com/nagarajRPoojari/orange/parrot/errors/errors.go:43.32,45.2 1 0
github.com/nagarajRPoojari/orange/parrot/errors/errors.go:51.42,53.2 1 0
github.com/nagarajRPoojari/orange/parrot/errors/errors.go:55.58,57.2 1 0
github.com/nagarajRPoojari/orange/parrot/errors/errors.go:61.36,63.2 1 0
github.com/nagarajRPoojari/orange/parrot/errors/errors.go:65.61,67.2 1 0
github.com/nagarajRPoojari/orange/parrot/metadata/level.go:27.24,29.2 1 0
github.com/nagarajRPoojari/orange/parrot/metadata/level.go:31.33,33.2 1 0
github.com/nagarajRPoojari/orange/parrot/metadata/level.go:35.51,40.2 4 0
github.com/nagarajRPoojari/orange/parrot/metadata/level.go:42.35,46.2 3 0
github.com/nagarajRPoojari/orange/parrot/metadata/level.go:48.46,52.2 3 0
github.com/nagarajRPoojari/orange/parrot/metadata/level.go:54.51,58.33 3 0
github.com/nagarajRPoojari/orange/parrot/metadata/level.go:58.33,60.3 1 0
github.com/nagarajRPoojari/orange/parrot/metadata/level.go:61.2,61.25 1 0
github.com/nagarajRPoojari/orange/parrot/metadata/level.go:67.34,71.24 3 0
github.com/nagarajRPoojari/orange/parrot/metadata/level.go:71.24,74.3 2 0
github.com/nagarajRPoojari/orange/parrot/metadata/level.go:87.31,89.2 1 0
github.com/nagarajRPoojari/orange/parrot/metadata/lsm.go:25.31,29.2 3 0
github.com/nagarajRPoojari/orange/parrot/metadata/lsm.go:31.33,35.2 3 0
github.com/nagarajRPoojari/orange/parrot/metadata/lsm.go:37.47,40.33 3 0
github.com/nagarajRPoojari/orange/parrot/metadata/lsm.go:40.33,42.3 1 0
github.com/nagarajRPoojari/orange/parrot/metadata/lsm.go:43.2,43.25 1 0
github.com/nagarajRPoojari/orange/parrot/metadata/lsm.go:46.32,50.2 3 0
github.com/nagarajRPoojari/orange/parrot/metadata/lsm.go:52.29,56.2 3 0
github.com/nagarajRPoojari/orange/parrot/metadata/lsm.go:68.39,72.2 3 0
github.com/nagarajRPoojari/orange/parrot/metadata/lsm.go:76.35,83.34 2 0
github.com/nagarajRPoojari/orange/parrot/metadata/lsm.go:83.34,85.3 1 0
github.com/nagarajRPoojari/orange/parrot/metadata/lsm.go:87.2,87.12 1 0
github.com/nagarajRPoojari/orange/parrot/metadata/lsm.go:90.36,92.30 2 0
github.com/nagarajRPoojari/orange/parrot/metadata/lsm.go:92.30,95.3 2 0
github.com/nagarajRPoojari/orange/parrot/metadata/lsm.go:96.2,97.29 2 0
github.com/nagarajRPoojari/orange/parrot/metadata/lsm.go:97.29,99.3 1 0
github.com/nagarajRPoojari/orange/parrot/metadata/lsm.go:100.2,103.17 3 0
github.com/nagarajRPoojari/orange/parrot/metadata/lsm.go:106.33,111.2 4 0
github.com/nagarajRPoojari/orange/parrot/metadata/lsm.go:113.35,122.33 4 0
github.com/nagarajRPoojari/orange/parrot/metadata/lsm.go:122.33,124.3 1 0
github.com/nagarajRPoojari/orange/parrot/metadata/lsm.go:126.2,126.13 1 0
github.com/nagarajRPoojari/orange/parrot/metadata/lsm.go:129.38,135.37 5 0
github.com/nagarajRPoojari/orange/parrot/metadata/lsm.go:135.37,138.3 2 0
github.com/nagarajRPoojari/orange/parrot/metadata/lsm.go:140.2,140.13 1 0
github.com/nagarajRPoojari/orange/parrot/metadata/manifest.go:37.60,39.2 1 0
github.com/nagarajRPoojari/orange/parrot/metadata/manifest.go:41.33,44.16 3 0
github.com/nagarajRPoojari/orange/parrot/metadata/manifest.go:44.16,45.25 1 0
github.com/nagarajRPoojari/orange/parrot/metadata/manifest.go:45.25,58.4 9 0
github.com/nagarajRPoojari/orange/parrot/metadata/manifest.go:58.9,60.4 1 0
github.com/nagarajRPoojari/orange/parrot/metadata/manifest.go:64.2,67.12 4 0
github.com/nagarajRPoojari/orange/parrot/metadata/manifest.go:70.50,72.2 1 0
github.com/nagarajRPoojari/orange/parrot/metadata/manifest.go:74.52,78.6 3 0
github.com/nagarajRPoojari/orange/parrot/metadata/manifest.go:78.6,79.10 1 0
github.com/nagarajRPoojari/orange/parrot/metadata/manifest.go:80.21,81.14 1 0
github.com/nagarajRPoojari/orange/parrot/metadata/manifest.go:82.19,92.18 5 0
github.com/nagarajRPoojari/orange/parrot/metadata/manifest.go:92.18,94.5 1 0
github.com/nagarajRPoojari/orange/parrot/metadata/manifest.go:96.4,98.14 3 0
github.com/nagarajRPoojari/orange/parrot/metadata/manifest.go:103.50,104.20 1 0
github.com/nagarajRPoojari/orange/parrot/metadata/manifest.go:104.20,106.3 1 0
github.com/nagarajRPoojari/orange/parrot/metadata/manifest.go:108.2,113.3 1 0
github.com/nagarajRPoojari/orange/parrot/metadata/manifest.go:116.53,117.20 1 0
github.com/nagarajRPoojari/orange/parrot/metadata/manifest.go:117.20,119.3 1 0
github.com/nagarajRPoojari/orange/parrot/metadata/manifest.go:121.2,126.3 1 0
github.com/nagarajRPoojari/orange/parrot/metadata/manifest.go:129.50,130.11 1 0
github.com/nagarajRPoojari/orange/parrot/metadata/manifest.go:130.11,132.3 1 0
github.com/nagarajRPoojari/orange/parrot/metadata/manifest.go:134.2,134.76 1 0
github.com/nagarajRPoojari/orange/parrot/metadata/manifest.go:137.34,140.2 1 0
github.com/nagarajRPoojari/orange/parrot/metadata/sst.go:15.78,17.2 1 0
github.com/nagarajRPoojari/orange/parrot/metadata/sst.go:30.81,32.2 1 0
github.com/nagarajRPoojari/orange/parrot/types/types.go:21.38,23.9 2 0
github.com/nagarajRPoojari/orange/parrot/types/types.go:23.9,25.3 1 0
github.com/nagarajRPoojari/orange/parrot/types/types.go:26.2,26.25 1 0
github.com/nagarajRPoojari/orange/parrot/types/types.go:33.41,35.9 2 0
github.com/nagarajRPoojari/orange/parrot/types/types.go:35.9,37.3 1 0
github.com/nagarajRPoojari/orange/parrot/types/types.go:38.2,38.25 1 0
github.com/nagarajRPoojari/orange/parrot/types/types.go:49.38,51.2 1 0
github.com/nagarajRPoojari/orange/parrot/types/types.go:58.37,60.2 1 0
github.com/nagarajRPoojari/orange/parrot/types/types.go:62.34,64.2 1 0
github.com/nagarajRPoojari/orange/parrot/types/types.go:66.37,68.2 1 0
github.com/nagarajRPoojari/orange/parrot/types/types.go:75.37,77.2 1 0
github.com/nagarajRPoojari/orange/parrot/types/types.go:79.40,81.2 1 0
github.com/nagarajRPoojari/orange/parrot/types/types.go:83.40,85.2 1 0
github.com/nagarajRPoojari/orange/parrot/utils/file.go:15.42,17.79 2 0
github.com/nagarajRPoojari/orange/parrot/utils/file.go:17.79,18.17 1 0
github.com/nagarajRPoojari/orange/parrot/utils/file.go:18.17,20.4 1 0
github.com/nagarajRPoojari/orange/parrot/utils/file.go:21.3,21.17 1 0
github.com/nagarajRPoojari/orange/parrot/utils/file.go:21.17,23.18 2 0
github.com/nagarajRPoojari/orange/parrot/utils/file.go:23.18,25.5 1 0
github.com/nagarajRPoojari/orange/parrot/utils/file.go:26.4,26.23 1 0
github.com/nagarajRPoojari/orange/parrot/utils/file.go:28.3,28.13 1 0
github.com/nagarajRPoojari/orange/parrot/utils/file.go:30.2,30.18 1 0
github.com/nagarajRPoojari/orange/parrot/utils/utils.go:29.9,32.26 2 0
github.com/nagarajRPoojari/orange/parrot/utils/utils.go:32.26,34.17 2 0
github.com/nagarajRPoojari/orange/parrot/utils/utils.go:34.17,36.4 1 0
github.com/nagarajRPoojari/orange/parrot/utils/utils.go:38.3,40.49 3 0
github.com/nagarajRPoojari/orange/parrot/utils/utils.go:40.49,42.4 1 0
github.com/nagarajRPoojari/orange/parrot/utils/utils.go:44.3,45.17 2 0
github.com/nagarajRPoojari/orange/parrot/utils/utils.go:45.17,47.4 1 0
github.com/nagarajRPoojari/orange/parrot/utils/utils.go:49.3,54.59 2 0
github.com/nagarajRPoojari/orange/parrot/utils/utils.go:54.59,56.4 1 0
github.com/nagarajRPoojari/orange/parrot/utils/utils.go:58.2,58.56 1 0
github.com/nagarajRPoojari/orange/parrot/utils/utils.go:58.56,60.3 1 0
github.com/nagarajRPoojari/orange/parrot/utils/utils.go:61.2,61.59 1 0
github.com/nagarajRPoojari/orange/parrot/utils/utils.go:61.59,63.3 1 0
github.com/nagarajRPoojari/orange/parrot/utils/utils.go:64.2,64.12 1 0
github.com/nagarajRPoojari/orange/parrot/wal/wal.go:65.53,83.2 7 0
github.com/nagarajRPoojari/orange/parrot/wal/wal.go:86.48,88.22 2 0
github.com/nagarajRPoojari/orange/parrot/wal/wal.go:88.22,90.3 1 0
github.com/nagarajRPoojari/orange/parrot/wal/wal.go:92.2,93.16 2 0
github.com/nagarajRPoojari/orange/parrot/wal/wal.go:93.16,95.3 1 0
github.com/nagarajRPoojari/orange/parrot/wal/wal.go:96.2,101.6 4 0
github.com/nagarajRPoojari/orange/parrot/wal/wal.go:101.6,104.29 3 0
github.com/nagarajRPoojari/orange/parrot/wal/wal.go:104.29,105.9 1 0
github.com/nagarajRPoojari/orange/parrot/wal/wal.go:107.3,107.17 1 0
github.com/nagarajRPoojari/orange/parrot/wal/wal.go:107.17,109.4 1 0
github.com/nagarajRPoojari/orange/parrot/wal/wal.go:110.3,110.33 1 0
github.com/nagarajRPoojari/orange/parrot/wal/wal.go:113.2,113.20 1 0
github.com/nagarajRPoojari/orange/parrot/wal/wal.go:116.34,118.2 1 0
github.com/nagarajRPoojari/orange/parrot/wal/wal.go:120.24,124.6 3 0
github.com/nagarajRPoojari/orange/parrot/wal/wal.go:124.6,125.10 1 0
github.com/nagarajRPoojari/orange/parrot/wal/wal.go:126.29,127.18 1 0
github.com/nagarajRPoojari/orange/parrot/wal/wal.go:129.24,130.36 1 0
github.com/nagarajRPoojari/orange/parrot/wal/wal.go:130.37,131.5 0 0
github.com/nagarajRPoojari/orange/parrot/wal/wal.go:133.20,136.10 3 0
github.com/nagarajRPoojari/orange/parrot/wal/wal.go:142.37,146.48 3 0
github.com/nagarajRPoojari/orange/parrot/wal/wal.go:146.48,148.3 1 0
github.com/nagarajRPoojari/orange/parrot/wal/wal.go:152.32,153.49 1 0
github.com/nagarajRPoojari/orange/parrot/wal/wal.go:153.49,155.3 1 0
github.com/nagarajRPoojari/orange/parrot/wal/wal.go:156.2,156.12 1 0
github.com/nagarajRPoojari/orange/parrot/wal/wal.go:159.29,161.2 1 0
github.com/nagarajRPoojari/orange/parrot/wal/wal.go:163.27,166.2 2 0
github.com/nagarajRPoojari/orange/parrot/wal/wal.go:168.26,169.6 1 0
github.com/nagarajRPoojari/orange/parrot/wal/wal.go:169.6,170.10 1 0
github.com/nagarajRPoojari/orange/parrot/wal/wal.go:171.29,172.18 1 0
github.com/nagarajRPoojari/orange/parrot/wal/wal.go:173.11,175.10 2 0
github.com/nagarajRPoojari/orange/parrot/wal/wal.go:181.26,184.2 2 0
github.com/nagarajRPoojari/orange/parrot/utils/log/logger.go:14.13,17.2 2 0
github.com/nagarajRPoojari/orange/parrot/utils/log/logger.go:19.40,21.2 1 0
github.com/nagarajRPoojari/orange/parrot/utils/log/logger.go:23.40,25.2 1 0
github.com/nagarajRPoojari/orange/parrot/utils/log/logger.go:27.41,29.2 1 0
github.com/nagarajRPoojari/orange/parrot/utils/log/logger.go:31.41,33.2 1 0
github.com/nagarajRPoojari/orange/parrot/utils/log/logger.go:34.41,36.2 1 0
github.com/nagarajRPoojari/orange/parrot/utils/log/logger.go:37.16,39.2 1 0
github.com/nagarajRPoojari/orange/repl/main.go:8.13,10.2 1 0
github.com/nagarajRPoojari/orange/repl/cmd/repl.go:22.47,30.7 7 0
github.com/nagarajRPoojari/orange/repl/cmd/repl.go:30.7,33.18 3 0
github.com/nagarajRPoojari/orange/repl/cmd/repl.go:33.18,35.13 2 0
github.com/nagarajRPoojari/orange/repl/cmd/repl.go:38.4,40.42 2 0
github.com/nagarajRPoojari/orange/repl/cmd/repl.go:40.42,42.10 2 0
github.com/nagarajRPoojari/orange/repl/cmd/repl.go:45.4,46.18 2 0
github.com/nagarajRPoojari/orange/repl/cmd/repl.go:46.18,48.5 1 0
github.com/nagarajRPoojari/orange/repl/cmd/repl.go:48.10,50.19 2 0
github.com/nagarajRPoojari/orange/repl/cmd/repl.go:50.19,52.6 1 0
github.com/nagarajRPoojari/orange/repl/cmd/repl.go:52.11,54.6 1 0
github.com/nagarajRPoojari/orange/repl/cmd/root.go:12.16,14.16 2 0
github.com/nagarajRPoojari/orange/repl/cmd/root.go:14.16,16.3 1 0
github.com/nagarajRPoojari/orange/repl/cmd/root.go:19.13,21.2 1 0
github.com/nagarajRPoojari/orange/main.go:10.13,19.2 3 1
github.com/nagarajRPoojari/orange/main.go:21.24,31.50 1 4
github.com/nagarajRPoojari/orange/main.go:31.50,34.3 2 1
github.com/nagarajRPoojari/orange/main.go:34.8,34.52 1 3
github.com/nagarajRPoojari/orange/main.go:34.52,38.3 2 1
github.com/nagarajRPoojari/orange/main.go:38.8,41.3 2 2
github.com/nagarajRPoojari/orange/main.go:44.25,56.15 2 4
github.com/nagarajRPoojari/orange/main.go:57.20,59.14 2 1
github.com/nagarajRPoojari/orange/main.go:61.15,63.14 2 1
github.com/nagarajRPoojari/orange/main.go:65.10,68.15 2 2
github.com/nagarajRPoojari/orange/internal/query/parser.go:17.38,19.2 1 0
github.com/nagarajRPoojari/orange/internal/query/parser.go:23.41,26.2 1 0
github.com/nagarajRPoojari/orange/internal/query/parser.go:28.40,31.9 2 0
github.com/nagarajRPoojari/orange/internal/query/parser.go:32.50,33.30 1 0
github.com/nagarajRPoojari/orange/internal/query/parser.go:34.50,35.30 1 0
github.com/nagarajRPoojari/orange/internal/query/parser.go:36.50,37.30 1 0
github.com/nagarajRPoojari/orange/internal/query/parser.go:38.50,39.30 1 0
github.com/nagarajRPoojari/orange/internal/query/parser.go:40.10,41.61 1 0
github.com/nagarajRPoojari/orange/internal/query/parser.go:45.78,53.20 6 4
github.com/nagarajRPoojari/orange/internal/query/parser.go:53.20,55.3 1 4
github.com/nagarajRPoojari/orange/internal/query/parser.go:56.2,56.62 1 0
github.com/nagarajRPoojari/orange/internal/query/parser.go:67.55,69.16 2 2
github.com/nagarajRPoojari/orange/internal/query/parser.go:69.16,72.3 2 0
github.com/nagarajRPoojari/orange/internal/query/parser.go:73.2,74.16 2 2
github.com/nagarajRPoojari/orange/internal/query/parser.go:74.16,77.3 2 0
github.com/nagarajRPoojari/orange/internal/query/parser.go:79.2,80.16 2 2
github.com/nagarajRPoojari/orange/internal/query/parser.go:80.16,83.3 2 1
github.com/nagarajRPoojari/orange/internal/query/parser.go:85.2,88.8 1 1
github.com/nagarajRPoojari/orange/internal/query/parser.go:91.71,94.20 3 2
github.com/nagarajRPoojari/orange/internal/query/parser.go:94.20,96.3 1 2
github.com/nagarajRPoojari/orange/internal/query/parser.go:97.2,97.69 1 0
github.com/nagarajRPoojari/orange/internal/query/parser.go:100.57,103.16 3 2
github.com/nagarajRPoojari/orange/internal/query/parser.go:103.16,105.3 1 1
github.com/nagarajRPoojari/orange/internal/query/parser.go:106.2,106.20 1 1
github.com/nagarajRPoojari/orange/internal/query/parser.go:121.55,123.16 2 2
github.com/nagarajRPoojari/orange/internal/query/parser.go:123.16,126.3 2 0
github.com/nagarajRPoojari/orange/internal/query/parser.go:127.2,128.16 2 2
github.com/nagarajRPoojari/orange/internal/query/parser.go:128.16,131.3 2 1
github.com/nagarajRPoojari/orange/internal/query/parser.go:133.2,134.16 2 1
github.com/nagarajRPoojari/orange/internal/query/parser.go:134.16,137.3 2 0
github.com/nagarajRPoojari/orange/internal/query/parser.go:139.2,142.8 1 1
github.com/nagarajRPoojari/orange/internal/query/parser.go:145.71,148.20 3 2
github.com/nagarajRPoojari/orange/internal/query/parser.go:148.20,150.3 1 1
github.com/nagarajRPoojari/orange/internal/query/parser.go:151.2,151.69 1 1
github.com/nagarajRPoojari/orange/internal/query/parser.go:154.55,157.16 3 1
github.com/nagarajRPoojari/orange/internal/query/parser.go:157.16,159.3 1 0
github.com/nagarajRPoojari/orange/internal/query/parser.go:160.2,160.20 1 1
github.com/nagarajRPoojari/orange/internal/query/parser.go:171.55,173.16 2 2
github.com/nagarajRPoojari/orange/internal/query/parser.go:173.16,176.3 2 0
github.com/nagarajRPoojari/orange/internal/query/parser.go:178.2,179.16 2 2
github.com/nagarajRPoojari/orange/internal/query/parser.go:179.16,182.3 2 1
github.com/nagarajRPoojari/orange/internal/query/parser.go:184.2,189.8 2 1
github.com/nagarajRPoojari/orange/internal/query/parser.go:192.45,195.20 3 3
github.com/nagarajRPoojari/orange/internal/query/parser.go:195.20,198.17 3 2
github.com/nagarajRPoojari/orange/internal/query/parser.go:198.17,200.4 1 0
github.com/nagarajRPoojari/orange/internal/query/parser.go:201.3,201.18 1 2
github.com/nagarajRPoojari/orange/internal/query/parser.go:203.2,203.58 1 1
github.com/nagarajRPoojari/orange/internal/query/parser.go:206.48,209.20 3 1
github.com/nagarajRPoojari/orange/internal/query/parser.go:209.20,213.31 4 1
github.com/nagarajRPoojari/orange/internal/query/parser.go:213.31,215.4 1 2
github.com/nagarajRPoojari/orange/internal/query/parser.go:216.3,216.16 1 1
github.com/nagarajRPoojari/orange/internal/query/parser.go:218.2,218.12 1 0
github.com/nagarajRPoojari/orange/internal/query/parser.go:221.71,224.20 3 2
github.com/nagarajRPoojari/orange/internal/query/parser.go:224.20,226.3 1 2
github.com/nagarajRPoojari/orange/internal/query/parser.go:227.2,227.69 1 0
github.com/nagarajRPoojari/orange/internal/query/parser.go:237.55,240.16 3 2
github.com/nagarajRPoojari/orange/internal/query/parser.go:240.16,242.3 1 1
github.com/nagarajRPoojari/orange/internal/query/parser.go:244.2,245.16 2 1
github.com/nagarajRPoojari/orange/internal/query/parser.go:245.16,247.3 1 0
github.com/nagarajRPoojari/orange/internal/query/parser.go:248.2,251.8 1 1
github.com/nagarajRPoojari/orange/internal/query/parser.go:254.71,257.20 3 2
github.com/nagarajRPoojari/orange/internal/query/parser.go:257.20,259.3 1 1
github.com/nagarajRPoojari/orange/internal/query/parser.go:260.2,260.87 1 1
github.com/nagarajRPoojari/orange/internal/schema/schema.go:29.63,34.2 1 5
github.com/nagarajRPoojari/orange/internal/schema/schema.go:38.65,41.16 2 8
github.com/nagarajRPoojari/orange/internal/schema/schema.go:41.16,43.3 1 2
github.com/nagarajRPoojari/orange/internal/schema/schema.go:45.2,45.40 1 6
github.com/nagarajRPoojari/orange/internal/schema/schema.go:48.72,50.38 2 8
github.com/nagarajRPoojari/orange/internal/schema/schema.go:50.38,52.10 2 6
github.com/nagarajRPoojari/orange/internal/schema/schema.go:52.10,54.4 1 1
github.com/nagarajRPoojari/orange/internal/schema/schema.go:55.3,55.45 1 5
github.com/nagarajRPoojari/orange/internal/schema/schema.go:55.45,57.11 2 5
github.com/nagarajRPoojari/orange/internal/schema/schema.go:57.11,59.5 1 1
github.com/nagarajRPoojari/orange/internal/schema/schema.go:62.2,62.20 1 6
github.com/nagarajRPoojari/orange/internal/schema/schema.go:67.67,68.39 1 9
github.com/nagarajRPoojari/orange/internal/schema/schema.go:68.39,70.3 1 0
github.com/nagarajRPoojari/orange/internal/schema/schema.go:72.2,72.29 1 9
github.com/nagarajRPoojari/orange/internal/schema/schema.go:72.29,73.19 1 13
github.com/nagarajRPoojari/orange/internal/schema/schema.go:73.19,74.12 1 3
github.com/nagarajRPoojari/orange/internal/schema/schema.go:77.3,78.9 2 10
github.com/nagarajRPoojari/orange/internal/schema/schema.go:78.9,79.45 1 6
github.com/nagarajRPoojari/orange/internal/schema/schema.go:79.45,81.5 1 1
github.com/nagarajRPoojari/orange/internal/schema/schema.go:82.9,84.11 2 4
github.com/nagarajRPoojari/orange/internal/schema/schema.go:84.11,86.5 1 1
github.com/nagarajRPoojari/orange/internal/schema/schema.go:87.4,87.40 1 3
github.com/nagarajRPoojari/orange/internal/schema/schema.go:90.2,90.12 1 4
github.com/nagarajRPoojari/orange/internal/schema/schema.go:95.82,96.47 1 3
github.com/nagarajRPoojari/orange/internal/schema/schema.go:96.47,98.3 1 1
github.com/nagarajRPoojari/orange/internal/schema/schema.go:100.2,101.16 2 2
github.com/nagarajRPoojari/orange/internal/schema/schema.go:101.16,103.3 1 0
github.com/nagarajRPoojari/orange/internal/schema/schema.go:105.2,106.69 2 2
github.com/nagarajRPoojari/orange/internal/schema/schema.go:106.69,108.3 1 0
github.com/nagarajRPoojari/orange/internal/schema/schema.go:110.2,110.48 1 2
github.com/nagarajRPoojari/orange/internal/schema/schema.go:110.48,112.64 1 1
github.com/nagarajRPoojari/orange/internal/schema/schema.go:112.64,114.4 1 0
github.com/nagarajRPoojari/orange/internal/schema/schema.go:115.8,117.3 1 1
github.com/nagarajRPoojari/orange/internal/schema/schema.go:119.2,121.12 2 1
github.com/nagarajRPoojari/orange/internal/schema/schema.go:126.79,127.40 1 0
github.com/nagarajRPoojari/orange/internal/schema/schema.go:127.40,129.3 1 0
github.com/nagarajRPoojari/orange/internal/schema/schema.go:131.2,133.16 3 0
github.com/nagarajRPoojari/orange/internal/schema/schema.go:133.16,135.3 1 0
github.com/nagarajRPoojari/orange/internal/schema/schema.go:137.2,138.54 2 0
github.com/nagarajRPoojari/orange/internal/schema/schema.go:138.54,140.3 1 0
github.com/nagarajRPoojari/orange/internal/schema/schema.go:142.2,142.20 1 0
github.com/nagarajRPoojari/orange/internal/schema/schema.go:152.86,154.16 2 4
github.com/nagarajRPoojari/orange/internal/schema/schema.go:154.16,156.3 1 2
github.com/nagarajRPoojari/orange/internal/schema/schema.go:158.2,160.31 2 2
github.com/nagarajRPoojari/orange/internal/schema/schema.go:160.31,162.3 1 0
github.com/nagarajRPoojari/orange/internal/schema/schema.go:164.2,164.26 1 2
github.com/nagarajRPoojari/orange/internal/schema/schema.go:164.26,165.30 1 6
github.com/nagarajRPoojari/orange/internal/schema/schema.go:165.30,167.4 1 0
github.com/nagarajRPoojari/orange/internal/schema/schema.go:170.2,170.22 1 2
github.com/nagarajRPoojari/orange/internal/schema/schema.go:170.22,172.3 1 0
github.com/nagarajRPoojari/orange/internal/schema/schema.go:174.2,174.12 1 2
github.com/nagarajRPoojari/orange/internal/schema/schema.go:178.69,180.27 1 5
github.com/nagarajRPoojari/orange/internal/schema/schema.go:180.27,181.19 1 13
github.com/nagarajRPoojari/orange/internal/schema/schema.go:181.19,187.18 2 4
github.com/nagarajRPoojari/orange/internal/schema/schema.go:187.18,189.5 1 0
github.com/nagarajRPoojari/orange/internal/schema/schema.go:191.4,193.12 2 4
github.com/nagarajRPoojari/orange/internal/schema/schema.go:197.3,198.10 2 9
github.com/nagarajRPoojari/orange/internal/schema/schema.go:198.10,200.4 1 0
github.com/nagarajRPoojari/orange/internal/schema/schema.go:202.3,203.9 2 9
github.com/nagarajRPoojari/orange/internal/schema/schema.go:203.9,205.18 2 8
github.com/nagarajRPoojari/orange/internal/schema/schema.go:205.18,207.5 1 2
github.com/nagarajRPoojari/orange/internal/schema/schema.go:208.4,208.22 1 6
github.com/nagarajRPoojari/orange/internal/schema/schema.go:209.9,211.11 2 1
github.com/nagarajRPoojari/orange/internal/schema/schema.go:211.11,213.5 1 0
github.com/nagarajRPoojari/orange/internal/schema/schema.go:214.4,215.42 2 1
github.com/nagarajRPoojari/orange/internal/schema/schema.go:218.2,218.12 1 2
